[debug] [2024-03-13T04:34:57.818Z] ----------------------------------------------------------------------
[debug] [2024-03-13T04:34:57.821Z] Command:       /usr/local/bin/node /usr/local/bin/firebase deploy
[debug] [2024-03-13T04:34:57.821Z] CLI Version:   13.4.0
[debug] [2024-03-13T04:34:57.821Z] Platform:      darwin
[debug] [2024-03-13T04:34:57.821Z] Node Version:  v20.10.0
[debug] [2024-03-13T04:34:57.821Z] Time:          Tue Mar 12 2024 21:34:57 GMT-0700 (Pacific Daylight Time)
[debug] [2024-03-13T04:34:57.821Z] ----------------------------------------------------------------------
[debug] 
[debug] [2024-03-13T04:34:57.823Z] >>> [apiv2][query] GET https://firebase-public.firebaseio.com/cli.json [none]
[debug] [2024-03-13T04:34:57.917Z] > command requires scopes: ["email","openid","https://www.googleapis.com/auth/cloudplatformprojects.readonly","https://www.googleapis.com/auth/firebase","https://www.googleapis.com/auth/cloud-platform"]
[debug] [2024-03-13T04:34:57.918Z] > authorizing via signed-in user (hsayad03@gmail.com)
[debug] [2024-03-13T04:34:57.918Z] [iam] checking project campus-cloud-24 for permissions ["firebase.projects.get","firebasehosting.sites.update"]
[debug] [2024-03-13T04:34:57.918Z] > refreshing access token with scopes: []
[debug] [2024-03-13T04:34:57.919Z] >>> [apiv2][query] POST https://www.googleapis.com/oauth2/v3/token [none]
[debug] [2024-03-13T04:34:57.919Z] >>> [apiv2][body] POST https://www.googleapis.com/oauth2/v3/token [omitted]
[debug] [2024-03-13T04:34:58.055Z] <<< [apiv2][status] POST https://www.googleapis.com/oauth2/v3/token 200
[debug] [2024-03-13T04:34:58.055Z] <<< [apiv2][body] POST https://www.googleapis.com/oauth2/v3/token [omitted]
[debug] [2024-03-13T04:34:58.069Z] >>> [apiv2][query] POST https://cloudresourcemanager.googleapis.com/v1/projects/campus-cloud-24:testIamPermissions [none]
[debug] [2024-03-13T04:34:58.069Z] >>> [apiv2][(partial)header] POST https://cloudresourcemanager.googleapis.com/v1/projects/campus-cloud-24:testIamPermissions x-goog-quota-user=projects/campus-cloud-24
[debug] [2024-03-13T04:34:58.069Z] >>> [apiv2][body] POST https://cloudresourcemanager.googleapis.com/v1/projects/campus-cloud-24:testIamPermissions {"permissions":["firebase.projects.get","firebasehosting.sites.update"]}
[debug] [2024-03-13T04:34:58.144Z] <<< [apiv2][status] GET https://firebase-public.firebaseio.com/cli.json 200
[debug] [2024-03-13T04:34:58.144Z] <<< [apiv2][body] GET https://firebase-public.firebaseio.com/cli.json {"cloudBuildErrorAfter":1594252800000,"cloudBuildWarnAfter":1590019200000,"defaultNode10After":1594252800000,"minVersion":"3.0.5","node8DeploysDisabledAfter":1613390400000,"node8RuntimeDisabledAfter":1615809600000,"node8WarnAfter":1600128000000}
[debug] [2024-03-13T04:34:58.377Z] <<< [apiv2][status] POST https://cloudresourcemanager.googleapis.com/v1/projects/campus-cloud-24:testIamPermissions 200
[debug] [2024-03-13T04:34:58.378Z] <<< [apiv2][body] POST https://cloudresourcemanager.googleapis.com/v1/projects/campus-cloud-24:testIamPermissions {}
[debug] [2024-03-13T04:34:58.378Z] [iam] error while checking permissions, command may fail: FirebaseError: Authorization failed. This account is missing the following required permissions on project campus-cloud-24:

  firebase.projects.get
  firebasehosting.sites.update
[debug] [2024-03-13T04:34:58.379Z] >>> [apiv2][query] GET https://firebase.googleapis.com/v1beta1/projects/campus-cloud-24 [none]
[debug] [2024-03-13T04:34:58.927Z] <<< [apiv2][status] GET https://firebase.googleapis.com/v1beta1/projects/campus-cloud-24 403
[debug] [2024-03-13T04:34:58.927Z] <<< [apiv2][body] GET https://firebase.googleapis.com/v1beta1/projects/campus-cloud-24 {"error":{"code":403,"message":"The caller does not have permission","status":"PERMISSION_DENIED"}}
[debug] [2024-03-13T04:34:58.928Z] HTTP Error: 403, The caller does not have permission
[error] 
[error] Error: Assertion failed: resolving hosting target of a site with no site name or target name. This should have caused an error earlier
[debug] [2024-03-13T04:35:58.951Z] ----------------------------------------------------------------------
[debug] [2024-03-13T04:35:58.953Z] Command:       /usr/local/bin/node /usr/local/bin/firebase deploy
[debug] [2024-03-13T04:35:58.953Z] CLI Version:   13.4.0
[debug] [2024-03-13T04:35:58.954Z] Platform:      darwin
[debug] [2024-03-13T04:35:58.954Z] Node Version:  v20.10.0
[debug] [2024-03-13T04:35:58.954Z] Time:          Tue Mar 12 2024 21:35:58 GMT-0700 (Pacific Daylight Time)
[debug] [2024-03-13T04:35:58.954Z] ----------------------------------------------------------------------
[debug] 
[debug] [2024-03-13T04:35:59.010Z] > command requires scopes: ["email","openid","https://www.googleapis.com/auth/cloudplatformprojects.readonly","https://www.googleapis.com/auth/firebase","https://www.googleapis.com/auth/cloud-platform"]
[debug] [2024-03-13T04:35:59.011Z] > authorizing via signed-in user (hsayad03@gmail.com)
[debug] [2024-03-13T04:35:59.011Z] [iam] checking project campus-cloud-24 for permissions ["firebase.projects.get","firebasehosting.sites.update"]
[debug] [2024-03-13T04:35:59.012Z] >>> [apiv2][query] POST https://cloudresourcemanager.googleapis.com/v1/projects/campus-cloud-24:testIamPermissions [none]
[debug] [2024-03-13T04:35:59.012Z] >>> [apiv2][(partial)header] POST https://cloudresourcemanager.googleapis.com/v1/projects/campus-cloud-24:testIamPermissions x-goog-quota-user=projects/campus-cloud-24
[debug] [2024-03-13T04:35:59.013Z] >>> [apiv2][body] POST https://cloudresourcemanager.googleapis.com/v1/projects/campus-cloud-24:testIamPermissions {"permissions":["firebase.projects.get","firebasehosting.sites.update"]}
[debug] [2024-03-13T04:35:59.276Z] <<< [apiv2][status] POST https://cloudresourcemanager.googleapis.com/v1/projects/campus-cloud-24:testIamPermissions 200
[debug] [2024-03-13T04:35:59.277Z] <<< [apiv2][body] POST https://cloudresourcemanager.googleapis.com/v1/projects/campus-cloud-24:testIamPermissions {}
[debug] [2024-03-13T04:35:59.277Z] [iam] error while checking permissions, command may fail: FirebaseError: Authorization failed. This account is missing the following required permissions on project campus-cloud-24:

  firebase.projects.get
  firebasehosting.sites.update
[debug] [2024-03-13T04:35:59.278Z] >>> [apiv2][query] GET https://firebase.googleapis.com/v1beta1/projects/campus-cloud-24 [none]
[debug] [2024-03-13T04:35:59.718Z] <<< [apiv2][status] GET https://firebase.googleapis.com/v1beta1/projects/campus-cloud-24 403
[debug] [2024-03-13T04:35:59.718Z] <<< [apiv2][body] GET https://firebase.googleapis.com/v1beta1/projects/campus-cloud-24 {"error":{"code":403,"message":"The caller does not have permission","status":"PERMISSION_DENIED"}}
[debug] [2024-03-13T04:35:59.719Z] HTTP Error: 403, The caller does not have permission
[error] 
[error] Error: Assertion failed: resolving hosting target of a site with no site name or target name. This should have caused an error earlier
